<?xml version="1.0" encoding="UTF-8"?>
<!-- Generated by org.testng.reporters.JUnitReportReporter -->
<testsuite hostname="DESKTOP-BAAFQRR" failures="0" tests="1" name="testCases.TC002_LoginTest" time="8.526" errors="0" timestamp="2025-03-25T13:24:42 IST" skipped="0">
  <testcase classname="testCases.TC002_LoginTest" name="verify_login" time="8.526"/>
</testsuite> <!-- testCases.TC002_LoginTest -->
